<?xml version="1.0" encoding="UTF-8"?>
<testng-results ignored="0" total="1" passed="1" failed="0" skipped="0">
  <reporter-output>
  </reporter-output>
  <suite started-at="2022-12-20T10:57:05 IST" name="Default suite" finished-at="2022-12-20T10:57:06 IST" duration-ms="487">
    <groups>
    </groups>
    <test started-at="2022-12-20T10:57:05 IST" name="Default test" finished-at="2022-12-20T10:57:06 IST" duration-ms="487">
      <class name="com.Sample1">
        <test-method signature="sample()[pri:0, instance:com.Sample1@6a192cfe]" started-at="2022-12-20T10:57:05 IST" name="sample" finished-at="2022-12-20T10:57:06 IST" duration-ms="414" status="PASS">
          <reporter-output>
          </reporter-output>
        </test-method> <!-- sample -->
      </class> <!-- com.Sample1 -->
    </test> <!-- Default test -->
  </suite> <!-- Default suite -->
</testng-results>
